<?xml version="1.0" encoding="UTF-8"?>
<!-- Generated by org.testng.reporters.JUnitXMLReporter -->
<testsuite ignored="0" hostname="COGNINE-L128" failures="0" tests="2" name="Default test" time="15.16" errors="0" timestamp="2024-11-20T19:18:52 IST">
  <testcase classname="cognine.chorus.automation.lnd.endtoend.employeePageTest" name="employeeLogin" time="5.814"/>
  <testcase classname="cognine.chorus.automation.lnd.endtoend.employeePageTest" name="myLearnings" time="4.147"/>
</testsuite> <!-- Default test -->
