<?xml version="1.0" encoding="UTF-8"?>
<!-- Generated by org.testng.reporters.JUnitXMLReporter -->
<testsuite ignored="0" hostname="COGNINE-L128" failures="0" tests="3" name="Test" time="27.143" errors="0" timestamp="2024-11-18T17:31:46 IST">
  <testcase classname="cognine.chorus.automation.lnd.endtoend.skillSetAssignmentTest" name="chorusLogin" time="6.17"/>
  <testcase classname="cognine.chorus.automation.lnd.endtoend.skillSetAssignmentTest" name="skillsetStart" time="4.899"/>
  <testcase classname="cognine.chorus.automation.lnd.endtoend.skillSetAssignmentTest" name="closeSkillset" time="12.203"/>
</testsuite> <!-- Test -->
