<?xml version="1.0" encoding="UTF-8"?>
<testng-results ignored="0" total="2" passed="2" failed="0" skipped="0">
  <reporter-output>
  </reporter-output>
  <suite started-at="2024-11-20T19:18:37 IST" name="Default suite" finished-at="2024-11-20T19:18:52 IST" duration-ms="15160">
    <groups>
    </groups>
    <test started-at="2024-11-20T19:18:37 IST" name="Default test" finished-at="2024-11-20T19:18:52 IST" duration-ms="15160">
      <class name="cognine.chorus.automation.lnd.endtoend.employeePageTest">
        <test-method is-config="true" signature="driverSetup()[pri:0, instance:cognine.chorus.automation.lnd.endtoend.employeePageTest@bccb269]" started-at="2024-11-20T19:18:37 IST" name="driverSetup" finished-at="2024-11-20T19:18:42 IST" duration-ms="5067" status="PASS">
          <reporter-output>
          </reporter-output>
        </test-method> <!-- driverSetup -->
        <test-method signature="employeeLogin()[pri:0, instance:cognine.chorus.automation.lnd.endtoend.employeePageTest@bccb269]" started-at="2024-11-20T19:18:42 IST" name="employeeLogin" finished-at="2024-11-20T19:18:48 IST" duration-ms="5814" status="PASS">
          <reporter-output>
          </reporter-output>
        </test-method> <!-- employeeLogin -->
        <test-method signature="myLearnings()[pri:0, instance:cognine.chorus.automation.lnd.endtoend.employeePageTest@bccb269]" started-at="2024-11-20T19:18:48 IST" name="myLearnings" finished-at="2024-11-20T19:18:52 IST" duration-ms="4147" status="PASS">
          <reporter-output>
          </reporter-output>
        </test-method> <!-- myLearnings -->
      </class> <!-- cognine.chorus.automation.lnd.endtoend.employeePageTest -->
    </test> <!-- Default test -->
  </suite> <!-- Default suite -->
</testng-results>
